<?xml version="1.0" encoding="UTF-8"?>
<coverage generated="1682109977792" clover="3.2.0">
  <project timestamp="1682109977792" name="All files">
    <metrics statements="18" coveredstatements="18" conditionals="4" coveredconditionals="4" methods="4" coveredmethods="4" elements="26" coveredelements="26" complexity="0" loc="18" ncloc="18" packages="1" files="4" classes="4"/>
    <file name="Footer.jsx" path="C:\Users\Manu\Desktop\MERCADONA\FRONTEND\src\components\Footer.jsx">
      <metrics statements="5" coveredstatements="5" conditionals="0" coveredconditionals="0" methods="1" coveredmethods="1"/>
      <line num="6" count="1" type="stmt"/>
      <line num="7" count="1" type="stmt"/>
      <line num="29" count="1" type="stmt"/>
      <line num="37" count="1" type="stmt"/>
      <line num="42" count="1" type="stmt"/>
    </file>
    <file name="Navbar.jsx" path="C:\Users\Manu\Desktop\MERCADONA\FRONTEND\src\components\Navbar.jsx">
      <metrics statements="3" coveredstatements="3" conditionals="0" coveredconditionals="0" methods="1" coveredmethods="1"/>
      <line num="9" count="1" type="stmt"/>
      <line num="10" count="2" type="stmt"/>
      <line num="40" count="1" type="stmt"/>
    </file>
    <file name="ProductCard.jsx" path="C:\Users\Manu\Desktop\MERCADONA\FRONTEND\src\components\ProductCard.jsx">
      <metrics statements="4" coveredstatements="4" conditionals="4" coveredconditionals="4" methods="1" coveredmethods="1"/>
      <line num="5" count="1" type="stmt"/>
      <line num="6" count="2" type="stmt"/>
      <line num="22" count="1" type="stmt"/>
      <line num="30" count="1" type="stmt"/>
    </file>
    <file name="PromoCard.jsx" path="C:\Users\Manu\Desktop\MERCADONA\FRONTEND\src\components\PromoCard.jsx">
      <metrics statements="6" coveredstatements="6" conditionals="0" coveredconditionals="0" methods="1" coveredmethods="1"/>
      <line num="6" count="1" type="stmt"/>
      <line num="7" count="2" type="stmt"/>
      <line num="27" count="1" type="stmt"/>
      <line num="34" count="1" type="stmt"/>
      <line num="39" count="1" type="stmt"/>
      <line num="44" count="1" type="stmt"/>
    </file>
  </project>
</coverage>
