{"C:\\Users\\Manu\\Desktop\\MERCADONA\\FRONTEND\\src\\store.js": {"path":"C:\\Users\\Manu\\Desktop\\MERCADONA\\FRONTEND\\src\\store.js","statementMap":{"0":{"start":{"line":4,"column":29},"end":{"line":16,"column":2}},"1":{"start":{"line":9,"column":12},"end":{"line":13,"column":13}},"2":{"start":{"line":18,"column":20},"end":{"line":21,"column":2}},"3":{"start":{"line":22,"column":14},"end":{"line":24,"column":2}},"4":{"start":{"line":26,"column":36},"end":{"line":26,"column":64}}},"fnMap":{"0":{"name":"(anonymous_0)","decl":{"start":{"line":8,"column":8},"end":{"line":8,"column":9}},"loc":{"start":{"line":8,"column":40},"end":{"line":14,"column":9}},"line":8}},"branchMap":{"0":{"loc":{"start":{"line":12,"column":23},"end":{"line":12,"column":58}},"type":"cond-expr","locations":[{"start":{"line":12,"column":40},"end":{"line":12,"column":51}},{"start":{"line":12,"column":54},"end":{"line":12,"column":58}}],"line":12}},"s":{"0":1,"1":0,"2":1,"3":1,"4":1},"f":{"0":0},"b":{"0":[0,0]},"_coverageSchema":"1a1c01bbd47fc00a2c39e90264f33305004495a9","hash":"967163a5144c02df93fd8a70a88d1626678a4c84"}
,"C:\\Users\\Manu\\Desktop\\MERCADONA\\FRONTEND\\src\\components\\AddPromotion.jsx": {"path":"C:\\Users\\Manu\\Desktop\\MERCADONA\\FRONTEND\\src\\components\\AddPromotion.jsx","statementMap":{"0":{"start":{"line":8,"column":21},"end":{"line":155,"column":1}},"1":{"start":{"line":9,"column":40},"end":{"line":9,"column":52}},"2":{"start":{"line":10,"column":38},"end":{"line":10,"column":134}},"3":{"start":{"line":11,"column":40},"end":{"line":11,"column":55}},"4":{"start":{"line":12,"column":50},"end":{"line":12,"column":75}},"5":{"start":{"line":15,"column":25},"end":{"line":32,"column":5}},"6":{"start":{"line":16,"column":8},"end":{"line":16,"column":30}},"7":{"start":{"line":17,"column":8},"end":{"line":17,"column":30}},"8":{"start":{"line":18,"column":8},"end":{"line":31,"column":10}},"9":{"start":{"line":20,"column":12},"end":{"line":22,"column":13}},"10":{"start":{"line":21,"column":16},"end":{"line":21,"column":42}},"11":{"start":{"line":24,"column":12},"end":{"line":30,"column":13}},"12":{"start":{"line":25,"column":33},"end":{"line":25,"column":35}},"13":{"start":{"line":26,"column":16},"end":{"line":28,"column":18}},"14":{"start":{"line":27,"column":20},"end":{"line":27,"column":64}},"15":{"start":{"line":29,"column":16},"end":{"line":29,"column":44}},"16":{"start":{"line":34,"column":25},"end":{"line":36,"column":5}},"17":{"start":{"line":35,"column":8},"end":{"line":35,"column":79}},"18":{"start":{"line":38,"column":25},"end":{"line":44,"column":5}},"19":{"start":{"line":39,"column":8},"end":{"line":43,"column":18}},"20":{"start":{"line":40,"column":12},"end":{"line":42,"column":13}},"21":{"start":{"line":41,"column":16},"end":{"line":41,"column":42}},"22":{"start":{"line":46,"column":4},"end":{"line":53,"column":20}},"23":{"start":{"line":47,"column":8},"end":{"line":52,"column":18}},"24":{"start":{"line":48,"column":12},"end":{"line":48,"column":33}},"25":{"start":{"line":49,"column":12},"end":{"line":51,"column":13}},"26":{"start":{"line":50,"column":16},"end":{"line":50,"column":60}},"27":{"start":{"line":57,"column":4},"end":{"line":154,"column":5}},"28":{"start":{"line":131,"column":36},"end":{"line":139,"column":46}},"29":{"start":{"line":136,"column":115},"end":{"line":136,"column":141}},"30":{"start":{"line":157,"column":15},"end":{"line":176,"column":2}}},"fnMap":{"0":{"name":"(anonymous_0)","decl":{"start":{"line":8,"column":21},"end":{"line":8,"column":22}},"loc":{"start":{"line":8,"column":53},"end":{"line":155,"column":1}},"line":8},"1":{"name":"(anonymous_1)","decl":{"start":{"line":15,"column":25},"end":{"line":15,"column":26}},"loc":{"start":{"line":15,"column":36},"end":{"line":32,"column":5}},"line":15},"2":{"name":"(anonymous_2)","decl":{"start":{"line":18,"column":54},"end":{"line":18,"column":55}},"loc":{"start":{"line":18,"column":61},"end":{"line":23,"column":9}},"line":18},"3":{"name":"(anonymous_3)","decl":{"start":{"line":23,"column":17},"end":{"line":23,"column":18}},"loc":{"start":{"line":23,"column":26},"end":{"line":31,"column":9}},"line":23},"4":{"name":"(anonymous_4)","decl":{"start":{"line":26,"column":54},"end":{"line":26,"column":55}},"loc":{"start":{"line":26,"column":63},"end":{"line":28,"column":17}},"line":26},"5":{"name":"(anonymous_5)","decl":{"start":{"line":34,"column":25},"end":{"line":34,"column":26}},"loc":{"start":{"line":34,"column":36},"end":{"line":36,"column":5}},"line":34},"6":{"name":"(anonymous_6)","decl":{"start":{"line":38,"column":25},"end":{"line":38,"column":26}},"loc":{"start":{"line":38,"column":42},"end":{"line":44,"column":5}},"line":38},"7":{"name":"(anonymous_7)","decl":{"start":{"line":39,"column":59},"end":{"line":39,"column":60}},"loc":{"start":{"line":39,"column":66},"end":{"line":43,"column":9}},"line":39},"8":{"name":"(anonymous_8)","decl":{"start":{"line":46,"column":14},"end":{"line":46,"column":15}},"loc":{"start":{"line":46,"column":20},"end":{"line":53,"column":5}},"line":46},"9":{"name":"(anonymous_9)","decl":{"start":{"line":47,"column":54},"end":{"line":47,"column":55}},"loc":{"start":{"line":47,"column":68},"end":{"line":52,"column":9}},"line":47},"10":{"name":"(anonymous_10)","decl":{"start":{"line":130,"column":48},"end":{"line":130,"column":49}},"loc":{"start":{"line":130,"column":61},"end":{"line":140,"column":33}},"line":130},"11":{"name":"(anonymous_11)","decl":{"start":{"line":136,"column":109},"end":{"line":136,"column":110}},"loc":{"start":{"line":136,"column":115},"end":{"line":136,"column":141}},"line":136}},"branchMap":{"0":{"loc":{"start":{"line":20,"column":12},"end":{"line":22,"column":13}},"type":"if","locations":[{"start":{"line":20,"column":12},"end":{"line":22,"column":13}},{"start":{},"end":{}}],"line":20},"1":{"loc":{"start":{"line":24,"column":12},"end":{"line":30,"column":13}},"type":"if","locations":[{"start":{"line":24,"column":12},"end":{"line":30,"column":13}},{"start":{},"end":{}}],"line":24},"2":{"loc":{"start":{"line":40,"column":12},"end":{"line":42,"column":13}},"type":"if","locations":[{"start":{"line":40,"column":12},"end":{"line":42,"column":13}},{"start":{},"end":{}}],"line":40},"3":{"loc":{"start":{"line":49,"column":12},"end":{"line":51,"column":13}},"type":"if","locations":[{"start":{"line":49,"column":12},"end":{"line":51,"column":13}},{"start":{},"end":{}}],"line":49},"4":{"loc":{"start":{"line":81,"column":37},"end":{"line":81,"column":139}},"type":"binary-expr","locations":[{"start":{"line":81,"column":37},"end":{"line":81,"column":63}},{"start":{"line":81,"column":67},"end":{"line":81,"column":139}}],"line":81},"5":{"loc":{"start":{"line":94,"column":37},"end":{"line":94,"column":137}},"type":"binary-expr","locations":[{"start":{"line":94,"column":37},"end":{"line":94,"column":62}},{"start":{"line":94,"column":66},"end":{"line":94,"column":137}}],"line":94},"6":{"loc":{"start":{"line":108,"column":37},"end":{"line":108,"column":133}},"type":"binary-expr","locations":[{"start":{"line":108,"column":37},"end":{"line":108,"column":60}},{"start":{"line":108,"column":64},"end":{"line":108,"column":133}}],"line":108}},"s":{"0":1,"1":3,"2":3,"3":3,"4":3,"5":3,"6":0,"7":0,"8":0,"9":0,"10":0,"11":0,"12":0,"13":0,"14":0,"15":0,"16":3,"17":0,"18":3,"19":1,"20":1,"21":1,"22":3,"23":2,"24":2,"25":2,"26":2,"27":3,"28":4,"29":1,"30":1},"f":{"0":3,"1":0,"2":0,"3":0,"4":0,"5":0,"6":1,"7":1,"8":2,"9":2,"10":4,"11":1},"b":{"0":[0,0],"1":[0,0],"2":[1,0],"3":[2,0],"4":[3,0],"5":[3,0],"6":[3,0]},"_coverageSchema":"1a1c01bbd47fc00a2c39e90264f33305004495a9","hash":"c1e5e4c89420327eff55acda193323841f22fa23"}
,"C:\\Users\\Manu\\Desktop\\MERCADONA\\FRONTEND\\src\\components\\Footer.jsx": {"path":"C:\\Users\\Manu\\Desktop\\MERCADONA\\FRONTEND\\src\\components\\Footer.jsx","statementMap":{"0":{"start":{"line":8,"column":15},"end":{"line":32,"column":1}},"1":{"start":{"line":9,"column":4},"end":{"line":31,"column":5}},"2":{"start":{"line":34,"column":16},"end":{"line":41,"column":1}},"3":{"start":{"line":43,"column":19},"end":{"line":47,"column":1}},"4":{"start":{"line":48,"column":17},"end":{"line":50,"column":1}}},"fnMap":{"0":{"name":"(anonymous_0)","decl":{"start":{"line":8,"column":15},"end":{"line":8,"column":16}},"loc":{"start":{"line":8,"column":21},"end":{"line":32,"column":1}},"line":8}},"branchMap":{},"s":{"0":1,"1":1,"2":1,"3":1,"4":1},"f":{"0":1},"b":{},"_coverageSchema":"1a1c01bbd47fc00a2c39e90264f33305004495a9","hash":"2593103b3045f7ea13632b29c5efa5767d889353"}
,"C:\\Users\\Manu\\Desktop\\MERCADONA\\FRONTEND\\src\\components\\Navbar.jsx": {"path":"C:\\Users\\Manu\\Desktop\\MERCADONA\\FRONTEND\\src\\components\\Navbar.jsx","statementMap":{"0":{"start":{"line":11,"column":15},"end":{"line":74,"column":1}},"1":{"start":{"line":13,"column":21},"end":{"line":13,"column":34}},"2":{"start":{"line":15,"column":25},"end":{"line":19,"column":5}},"3":{"start":{"line":16,"column":8},"end":{"line":16,"column":16}},"4":{"start":{"line":17,"column":8},"end":{"line":17,"column":43}},"5":{"start":{"line":21,"column":4},"end":{"line":73,"column":5}},"6":{"start":{"line":76,"column":22},"end":{"line":90,"column":1}},"7":{"start":{"line":85,"column":28},"end":{"line":85,"column":101}},"8":{"start":{"line":87,"column":32},"end":{"line":87,"column":105}}},"fnMap":{"0":{"name":"(anonymous_0)","decl":{"start":{"line":11,"column":15},"end":{"line":11,"column":16}},"loc":{"start":{"line":11,"column":56},"end":{"line":74,"column":1}},"line":11},"1":{"name":"(anonymous_1)","decl":{"start":{"line":15,"column":25},"end":{"line":15,"column":26}},"loc":{"start":{"line":15,"column":31},"end":{"line":19,"column":5}},"line":15},"2":{"name":"(anonymous_2)","decl":{"start":{"line":85,"column":19},"end":{"line":85,"column":20}},"loc":{"start":{"line":85,"column":28},"end":{"line":85,"column":101}},"line":85},"3":{"name":"(anonymous_3)","decl":{"start":{"line":87,"column":23},"end":{"line":87,"column":24}},"loc":{"start":{"line":87,"column":32},"end":{"line":87,"column":105}},"line":87}},"branchMap":{"0":{"loc":{"start":{"line":36,"column":25},"end":{"line":36,"column":130}},"type":"binary-expr","locations":[{"start":{"line":36,"column":25},"end":{"line":36,"column":45}},{"start":{"line":36,"column":49},"end":{"line":36,"column":130}}],"line":36},"1":{"loc":{"start":{"line":39,"column":29},"end":{"line":48,"column":40}},"type":"cond-expr","locations":[{"start":{"line":41,"column":33},"end":{"line":43,"column":38}},{"start":{"line":44,"column":33},"end":{"line":48,"column":39}}],"line":39},"2":{"loc":{"start":{"line":57,"column":21},"end":{"line":66,"column":32}},"type":"cond-expr","locations":[{"start":{"line":59,"column":25},"end":{"line":61,"column":30}},{"start":{"line":62,"column":25},"end":{"line":66,"column":31}}],"line":57},"3":{"loc":{"start":{"line":85,"column":28},"end":{"line":85,"column":101}},"type":"cond-expr","locations":[{"start":{"line":85,"column":50},"end":{"line":85,"column":73}},{"start":{"line":85,"column":76},"end":{"line":85,"column":101}}],"line":85},"4":{"loc":{"start":{"line":87,"column":32},"end":{"line":87,"column":105}},"type":"cond-expr","locations":[{"start":{"line":87,"column":54},"end":{"line":87,"column":79}},{"start":{"line":87,"column":82},"end":{"line":87,"column":105}}],"line":87}},"s":{"0":1,"1":3,"2":3,"3":0,"4":0,"5":3,"6":1,"7":6,"8":6},"f":{"0":3,"1":0,"2":6,"3":6},"b":{"0":[3,1],"1":[1,2],"2":[1,2],"3":[2,4],"4":[2,4]},"_coverageSchema":"1a1c01bbd47fc00a2c39e90264f33305004495a9","hash":"4090318c1deb4a41b1c9cd97258b2e5b2b6f9298"}
,"C:\\Users\\Manu\\Desktop\\MERCADONA\\FRONTEND\\src\\components\\ProductCard.jsx": {"path":"C:\\Users\\Manu\\Desktop\\MERCADONA\\FRONTEND\\src\\components\\ProductCard.jsx","statementMap":{"0":{"start":{"line":5,"column":20},"end":{"line":42,"column":1}},"1":{"start":{"line":6,"column":4},"end":{"line":41,"column":5}},"2":{"start":{"line":43,"column":16},"end":{"line":50,"column":1}},"3":{"start":{"line":52,"column":16},"end":{"line":54,"column":1}},"4":{"start":{"line":56,"column":14},"end":{"line":61,"column":1}},"5":{"start":{"line":62,"column":21},"end":{"line":67,"column":1}},"6":{"start":{"line":68,"column":21},"end":{"line":70,"column":1}}},"fnMap":{"0":{"name":"(anonymous_0)","decl":{"start":{"line":5,"column":20},"end":{"line":5,"column":21}},"loc":{"start":{"line":5,"column":101},"end":{"line":42,"column":1}},"line":5}},"branchMap":{"0":{"loc":{"start":{"line":8,"column":13},"end":{"line":16,"column":59}},"type":"cond-expr","locations":[{"start":{"line":8,"column":21},"end":{"line":16,"column":15}},{"start":{"line":16,"column":18},"end":{"line":16,"column":59}}],"line":8},"1":{"loc":{"start":{"line":11,"column":28},"end":{"line":11,"column":42}},"type":"binary-expr","locations":[{"start":{"line":11,"column":28},"end":{"line":11,"column":33}},{"start":{"line":11,"column":37},"end":{"line":11,"column":42}}],"line":11},"2":{"loc":{"start":{"line":13,"column":40},"end":{"line":13,"column":181}},"type":"binary-expr","locations":[{"start":{"line":13,"column":40},"end":{"line":13,"column":53}},{"start":{"line":13,"column":57},"end":{"line":13,"column":181}}],"line":13},"3":{"loc":{"start":{"line":13,"column":58},"end":{"line":13,"column":173}},"type":"cond-expr","locations":[{"start":{"line":13,"column":102},"end":{"line":13,"column":136}},{"start":{"line":13,"column":139},"end":{"line":13,"column":173}}],"line":13},"4":{"loc":{"start":{"line":19,"column":30},"end":{"line":19,"column":57}},"type":"cond-expr","locations":[{"start":{"line":19,"column":40},"end":{"line":19,"column":47}},{"start":{"line":19,"column":50},"end":{"line":19,"column":57}}],"line":19},"5":{"loc":{"start":{"line":24,"column":17},"end":{"line":28,"column":115}},"type":"cond-expr","locations":[{"start":{"line":24,"column":25},"end":{"line":26,"column":94}},{"start":{"line":28,"column":20},"end":{"line":28,"column":115}}],"line":24},"6":{"loc":{"start":{"line":28,"column":77},"end":{"line":28,"column":107}},"type":"cond-expr","locations":[{"start":{"line":28,"column":85},"end":{"line":28,"column":97}},{"start":{"line":28,"column":100},"end":{"line":28,"column":107}}],"line":28},"7":{"loc":{"start":{"line":34,"column":17},"end":{"line":34,"column":47}},"type":"cond-expr","locations":[{"start":{"line":34,"column":25},"end":{"line":34,"column":30}},{"start":{"line":34,"column":33},"end":{"line":34,"column":47}}],"line":34},"8":{"loc":{"start":{"line":38,"column":17},"end":{"line":38,"column":59}},"type":"cond-expr","locations":[{"start":{"line":38,"column":31},"end":{"line":38,"column":42}},{"start":{"line":38,"column":45},"end":{"line":38,"column":59}}],"line":38}},"s":{"0":2,"1":2,"2":2,"3":2,"4":2,"5":2,"6":2},"f":{"0":2},"b":{"0":[0,2],"1":[0,0],"2":[0,0],"3":[0,0],"4":[0,2],"5":[0,2],"6":[1,1],"7":[1,1],"8":[0,2]},"_coverageSchema":"1a1c01bbd47fc00a2c39e90264f33305004495a9","hash":"3adfe5ffdfb952dbbca9340d7a3a95eedb59fdfb"}
,"C:\\Users\\Manu\\Desktop\\MERCADONA\\FRONTEND\\src\\components\\PromoCard.jsx": {"path":"C:\\Users\\Manu\\Desktop\\MERCADONA\\FRONTEND\\src\\components\\PromoCard.jsx","statementMap":{"0":{"start":{"line":6,"column":18},"end":{"line":25,"column":1}},"1":{"start":{"line":7,"column":4},"end":{"line":24,"column":5}},"2":{"start":{"line":27,"column":16},"end":{"line":34,"column":1}},"3":{"start":{"line":35,"column":14},"end":{"line":39,"column":1}},"4":{"start":{"line":40,"column":21},"end":{"line":44,"column":1}},"5":{"start":{"line":45,"column":21},"end":{"line":47,"column":1}}},"fnMap":{"0":{"name":"(anonymous_0)","decl":{"start":{"line":6,"column":18},"end":{"line":6,"column":19}},"loc":{"start":{"line":6,"column":80},"end":{"line":25,"column":1}},"line":6}},"branchMap":{"0":{"loc":{"start":{"line":11,"column":32},"end":{"line":11,"column":173}},"type":"binary-expr","locations":[{"start":{"line":11,"column":32},"end":{"line":11,"column":45}},{"start":{"line":11,"column":49},"end":{"line":11,"column":173}}],"line":11},"1":{"loc":{"start":{"line":11,"column":50},"end":{"line":11,"column":165}},"type":"cond-expr","locations":[{"start":{"line":11,"column":94},"end":{"line":11,"column":128}},{"start":{"line":11,"column":131},"end":{"line":11,"column":165}}],"line":11}},"s":{"0":1,"1":2,"2":1,"3":1,"4":1,"5":1},"f":{"0":2},"b":{"0":[2,1],"1":[1,0]},"_coverageSchema":"1a1c01bbd47fc00a2c39e90264f33305004495a9","hash":"c297c8306462076bf3ef5f3ad7384fdcaeaa33da"}
,"C:\\Users\\Manu\\Desktop\\MERCADONA\\FRONTEND\\src\\loaders\\Catalog.jsx": {"path":"C:\\Users\\Manu\\Desktop\\MERCADONA\\FRONTEND\\src\\loaders\\Catalog.jsx","statementMap":{"0":{"start":{"line":4,"column":16},"end":{"line":18,"column":1}},"1":{"start":{"line":5,"column":4},"end":{"line":17,"column":5}}},"fnMap":{"0":{"name":"(anonymous_0)","decl":{"start":{"line":4,"column":16},"end":{"line":4,"column":17}},"loc":{"start":{"line":4,"column":22},"end":{"line":18,"column":1}},"line":4}},"branchMap":{},"s":{"0":1,"1":1},"f":{"0":1},"b":{},"_coverageSchema":"1a1c01bbd47fc00a2c39e90264f33305004495a9","hash":"a19aaaeca11842089c097c7b8e0bd676f22dae85"}
,"C:\\Users\\Manu\\Desktop\\MERCADONA\\FRONTEND\\src\\pages\\PublicCatalogPage.jsx": {"path":"C:\\Users\\Manu\\Desktop\\MERCADONA\\FRONTEND\\src\\pages\\PublicCatalogPage.jsx","statementMap":{"0":{"start":{"line":9,"column":26},"end":{"line":80,"column":1}},"1":{"start":{"line":11,"column":36},"end":{"line":11,"column":48}},"2":{"start":{"line":12,"column":40},"end":{"line":12,"column":52}},"3":{"start":{"line":13,"column":34},"end":{"line":13,"column":48}},"4":{"start":{"line":14,"column":52},"end":{"line":14,"column":64}},"5":{"start":{"line":16,"column":4},"end":{"line":36,"column":10}},"6":{"start":{"line":17,"column":8},"end":{"line":29,"column":45}},"7":{"start":{"line":18,"column":12},"end":{"line":22,"column":13}},"8":{"start":{"line":19,"column":16},"end":{"line":19,"column":53}},"9":{"start":{"line":20,"column":16},"end":{"line":20,"column":33}},"10":{"start":{"line":21,"column":16},"end":{"line":21,"column":61}},"11":{"start":{"line":24,"column":12},"end":{"line":28,"column":13}},"12":{"start":{"line":25,"column":16},"end":{"line":25,"column":31}},"13":{"start":{"line":26,"column":16},"end":{"line":26,"column":33}},"14":{"start":{"line":27,"column":16},"end":{"line":27,"column":39}},"15":{"start":{"line":29,"column":26},"end":{"line":29,"column":44}},"16":{"start":{"line":31,"column":8},"end":{"line":35,"column":10}},"17":{"start":{"line":32,"column":12},"end":{"line":34,"column":13}},"18":{"start":{"line":33,"column":16},"end":{"line":33,"column":55}},"19":{"start":{"line":38,"column":25},"end":{"line":44,"column":5}},"20":{"start":{"line":39,"column":8},"end":{"line":43,"column":9}},"21":{"start":{"line":40,"column":12},"end":{"line":40,"column":102}},"22":{"start":{"line":40,"column":59},"end":{"line":40,"column":100}},"23":{"start":{"line":42,"column":12},"end":{"line":42,"column":41}},"24":{"start":{"line":47,"column":4},"end":{"line":79,"column":5}},"25":{"start":{"line":55,"column":28},"end":{"line":55,"column":101}},"26":{"start":{"line":63,"column":20},"end":{"line":74,"column":21}}},"fnMap":{"0":{"name":"(anonymous_0)","decl":{"start":{"line":9,"column":26},"end":{"line":9,"column":27}},"loc":{"start":{"line":9,"column":32},"end":{"line":80,"column":1}},"line":9},"1":{"name":"(anonymous_1)","decl":{"start":{"line":16,"column":14},"end":{"line":16,"column":15}},"loc":{"start":{"line":16,"column":20},"end":{"line":36,"column":5}},"line":16},"2":{"name":"(anonymous_2)","decl":{"start":{"line":17,"column":38},"end":{"line":17,"column":39}},"loc":{"start":{"line":17,"column":45},"end":{"line":29,"column":9}},"line":17},"3":{"name":"(anonymous_3)","decl":{"start":{"line":24,"column":19},"end":{"line":24,"column":20}},"loc":{"start":{"line":24,"column":25},"end":{"line":28,"column":13}},"line":24},"4":{"name":"(anonymous_4)","decl":{"start":{"line":29,"column":17},"end":{"line":29,"column":18}},"loc":{"start":{"line":29,"column":26},"end":{"line":29,"column":44}},"line":29},"5":{"name":"(anonymous_5)","decl":{"start":{"line":31,"column":41},"end":{"line":31,"column":42}},"loc":{"start":{"line":31,"column":48},"end":{"line":35,"column":9}},"line":31},"6":{"name":"(anonymous_6)","decl":{"start":{"line":38,"column":25},"end":{"line":38,"column":26}},"loc":{"start":{"line":38,"column":34},"end":{"line":44,"column":5}},"line":38},"7":{"name":"(anonymous_7)","decl":{"start":{"line":40,"column":48},"end":{"line":40,"column":49}},"loc":{"start":{"line":40,"column":59},"end":{"line":40,"column":100}},"line":40},"8":{"name":"(anonymous_8)","decl":{"start":{"line":54,"column":40},"end":{"line":54,"column":41}},"loc":{"start":{"line":55,"column":28},"end":{"line":55,"column":101}},"line":55},"9":{"name":"(anonymous_9)","decl":{"start":{"line":62,"column":50},"end":{"line":62,"column":51}},"loc":{"start":{"line":62,"column":61},"end":{"line":75,"column":17}},"line":62}},"branchMap":{"0":{"loc":{"start":{"line":18,"column":12},"end":{"line":22,"column":13}},"type":"if","locations":[{"start":{"line":18,"column":12},"end":{"line":22,"column":13}},{"start":{},"end":{}}],"line":18},"1":{"loc":{"start":{"line":32,"column":12},"end":{"line":34,"column":13}},"type":"if","locations":[{"start":{"line":32,"column":12},"end":{"line":34,"column":13}},{"start":{},"end":{}}],"line":32},"2":{"loc":{"start":{"line":39,"column":8},"end":{"line":43,"column":9}},"type":"if","locations":[{"start":{"line":39,"column":8},"end":{"line":43,"column":9}},{"start":{"line":41,"column":15},"end":{"line":43,"column":9}}],"line":39},"3":{"loc":{"start":{"line":62,"column":17},"end":{"line":75,"column":18}},"type":"binary-expr","locations":[{"start":{"line":62,"column":17},"end":{"line":62,"column":25}},{"start":{"line":62,"column":29},"end":{"line":75,"column":18}}],"line":62},"4":{"loc":{"start":{"line":67,"column":35},"end":{"line":67,"column":81}},"type":"binary-expr","locations":[{"start":{"line":67,"column":35},"end":{"line":67,"column":70}},{"start":{"line":67,"column":74},"end":{"line":67,"column":81}}],"line":67},"5":{"loc":{"start":{"line":71,"column":43},"end":{"line":71,"column":119}},"type":"binary-expr","locations":[{"start":{"line":71,"column":43},"end":{"line":71,"column":78}},{"start":{"line":71,"column":82},"end":{"line":71,"column":119}}],"line":71},"6":{"loc":{"start":{"line":72,"column":43},"end":{"line":72,"column":106}},"type":"binary-expr","locations":[{"start":{"line":72,"column":43},"end":{"line":72,"column":78}},{"start":{"line":72,"column":82},"end":{"line":72,"column":106}}],"line":72},"7":{"loc":{"start":{"line":77,"column":13},"end":{"line":77,"column":35}},"type":"binary-expr","locations":[{"start":{"line":77,"column":13},"end":{"line":77,"column":20}},{"start":{"line":77,"column":24},"end":{"line":77,"column":35}}],"line":77}},"s":{"0":1,"1":6,"2":5,"3":5,"4":5,"5":5,"6":1,"7":1,"8":1,"9":1,"10":1,"11":1,"12":0,"13":0,"14":0,"15":0,"16":1,"17":1,"18":1,"19":5,"20":0,"21":0,"22":0,"23":0,"24":5,"25":4,"26":4},"f":{"0":6,"1":1,"2":1,"3":0,"4":0,"5":1,"6":0,"7":0,"8":4,"9":4},"b":{"0":[1,0],"1":[1,0],"2":[0,0],"3":[5,4],"4":[4,4],"5":[4,4],"6":[0,0],"7":[1,1]},"_coverageSchema":"1a1c01bbd47fc00a2c39e90264f33305004495a9","hash":"36cd871144ccfa1dd54a1442ec30304088d13871"}
,"C:\\Users\\Manu\\Desktop\\MERCADONA\\FRONTEND\\src\\services\\CatalogApi.js": {"path":"C:\\Users\\Manu\\Desktop\\MERCADONA\\FRONTEND\\src\\services\\CatalogApi.js","statementMap":{"0":{"start":{"line":4,"column":19},"end":{"line":12,"column":1}},"1":{"start":{"line":5,"column":21},"end":{"line":10,"column":6}},"2":{"start":{"line":11,"column":4},"end":{"line":11,"column":19}},"3":{"start":{"line":14,"column":22},"end":{"line":22,"column":1}},"4":{"start":{"line":15,"column":21},"end":{"line":20,"column":6}},"5":{"start":{"line":21,"column":4},"end":{"line":21,"column":24}},"6":{"start":{"line":24,"column":20},"end":{"line":27,"column":1}},"7":{"start":{"line":25,"column":21},"end":{"line":25,"column":58}},"8":{"start":{"line":26,"column":4},"end":{"line":26,"column":19}},"9":{"start":{"line":29,"column":40},"end":{"line":32,"column":1}},"10":{"start":{"line":30,"column":21},"end":{"line":30,"column":78}},"11":{"start":{"line":31,"column":4},"end":{"line":31,"column":19}},"12":{"start":{"line":34,"column":48},"end":{"line":37,"column":1}},"13":{"start":{"line":35,"column":21},"end":{"line":35,"column":81}},"14":{"start":{"line":36,"column":4},"end":{"line":36,"column":19}},"15":{"start":{"line":39,"column":19},"end":{"line":42,"column":1}},"16":{"start":{"line":40,"column":21},"end":{"line":40,"column":71}},"17":{"start":{"line":41,"column":4},"end":{"line":41,"column":19}},"18":{"start":{"line":44,"column":28},"end":{"line":47,"column":1}},"19":{"start":{"line":45,"column":21},"end":{"line":45,"column":74}},"20":{"start":{"line":46,"column":4},"end":{"line":46,"column":19}},"21":{"start":{"line":49,"column":22},"end":{"line":57,"column":1}},"22":{"start":{"line":50,"column":21},"end":{"line":55,"column":6}},"23":{"start":{"line":56,"column":4},"end":{"line":56,"column":19}}},"fnMap":{"0":{"name":"(anonymous_0)","decl":{"start":{"line":4,"column":19},"end":{"line":4,"column":20}},"loc":{"start":{"line":4,"column":38},"end":{"line":12,"column":1}},"line":4},"1":{"name":"(anonymous_1)","decl":{"start":{"line":14,"column":22},"end":{"line":14,"column":23}},"loc":{"start":{"line":14,"column":52},"end":{"line":22,"column":1}},"line":14},"2":{"name":"(anonymous_2)","decl":{"start":{"line":24,"column":20},"end":{"line":24,"column":21}},"loc":{"start":{"line":24,"column":32},"end":{"line":27,"column":1}},"line":24},"3":{"name":"(anonymous_3)","decl":{"start":{"line":29,"column":40},"end":{"line":29,"column":41}},"loc":{"start":{"line":29,"column":52},"end":{"line":32,"column":1}},"line":29},"4":{"name":"(anonymous_4)","decl":{"start":{"line":34,"column":48},"end":{"line":34,"column":49}},"loc":{"start":{"line":34,"column":60},"end":{"line":37,"column":1}},"line":34},"5":{"name":"(anonymous_5)","decl":{"start":{"line":39,"column":19},"end":{"line":39,"column":20}},"loc":{"start":{"line":39,"column":40},"end":{"line":42,"column":1}},"line":39},"6":{"name":"(anonymous_6)","decl":{"start":{"line":44,"column":28},"end":{"line":44,"column":29}},"loc":{"start":{"line":44,"column":49},"end":{"line":47,"column":1}},"line":44},"7":{"name":"(anonymous_7)","decl":{"start":{"line":49,"column":22},"end":{"line":49,"column":23}},"loc":{"start":{"line":49,"column":43},"end":{"line":57,"column":1}},"line":49}},"branchMap":{},"s":{"0":1,"1":0,"2":0,"3":1,"4":0,"5":0,"6":1,"7":1,"8":1,"9":1,"10":0,"11":0,"12":1,"13":0,"14":0,"15":1,"16":0,"17":0,"18":1,"19":0,"20":0,"21":1,"22":0,"23":0},"f":{"0":0,"1":0,"2":1,"3":0,"4":0,"5":0,"6":0,"7":0},"b":{},"_coverageSchema":"1a1c01bbd47fc00a2c39e90264f33305004495a9","hash":"b78d130d68a450fe62a483f8b8158c33d79f6690"}
,"C:\\Users\\Manu\\Desktop\\MERCADONA\\FRONTEND\\src\\services\\CategoryApi.js": {"path":"C:\\Users\\Manu\\Desktop\\MERCADONA\\FRONTEND\\src\\services\\CategoryApi.js","statementMap":{"0":{"start":{"line":4,"column":20},"end":{"line":12,"column":1}},"1":{"start":{"line":5,"column":21},"end":{"line":10,"column":6}},"2":{"start":{"line":11,"column":4},"end":{"line":11,"column":19}},"3":{"start":{"line":14,"column":23},"end":{"line":22,"column":1}},"4":{"start":{"line":15,"column":21},"end":{"line":20,"column":6}},"5":{"start":{"line":21,"column":4},"end":{"line":21,"column":19}},"6":{"start":{"line":24,"column":23},"end":{"line":32,"column":1}},"7":{"start":{"line":25,"column":21},"end":{"line":30,"column":6}},"8":{"start":{"line":31,"column":4},"end":{"line":31,"column":24}},"9":{"start":{"line":34,"column":22},"end":{"line":37,"column":1}},"10":{"start":{"line":35,"column":21},"end":{"line":35,"column":60}},"11":{"start":{"line":36,"column":4},"end":{"line":36,"column":19}}},"fnMap":{"0":{"name":"(anonymous_0)","decl":{"start":{"line":4,"column":20},"end":{"line":4,"column":21}},"loc":{"start":{"line":4,"column":40},"end":{"line":12,"column":1}},"line":4},"1":{"name":"(anonymous_1)","decl":{"start":{"line":14,"column":23},"end":{"line":14,"column":24}},"loc":{"start":{"line":14,"column":45},"end":{"line":22,"column":1}},"line":14},"2":{"name":"(anonymous_2)","decl":{"start":{"line":24,"column":23},"end":{"line":24,"column":24}},"loc":{"start":{"line":24,"column":55},"end":{"line":32,"column":1}},"line":24},"3":{"name":"(anonymous_3)","decl":{"start":{"line":34,"column":22},"end":{"line":34,"column":23}},"loc":{"start":{"line":34,"column":34},"end":{"line":37,"column":1}},"line":34}},"branchMap":{},"s":{"0":1,"1":0,"2":0,"3":1,"4":0,"5":0,"6":1,"7":0,"8":0,"9":1,"10":1,"11":1},"f":{"0":0,"1":0,"2":0,"3":1},"b":{},"_coverageSchema":"1a1c01bbd47fc00a2c39e90264f33305004495a9","hash":"354b66f80c67b7b24dff45e5f1c8e34d1c1a0551"}
,"C:\\Users\\Manu\\Desktop\\MERCADONA\\FRONTEND\\src\\services\\PromotionService.js": {"path":"C:\\Users\\Manu\\Desktop\\MERCADONA\\FRONTEND\\src\\services\\PromotionService.js","statementMap":{"0":{"start":{"line":4,"column":21},"end":{"line":13,"column":1}},"1":{"start":{"line":5,"column":4},"end":{"line":5,"column":31}},"2":{"start":{"line":6,"column":21},"end":{"line":11,"column":6}},"3":{"start":{"line":12,"column":4},"end":{"line":12,"column":19}},"4":{"start":{"line":15,"column":24},"end":{"line":23,"column":1}},"5":{"start":{"line":16,"column":21},"end":{"line":21,"column":6}},"6":{"start":{"line":22,"column":4},"end":{"line":22,"column":19}},"7":{"start":{"line":25,"column":21},"end":{"line":29,"column":1}},"8":{"start":{"line":27,"column":21},"end":{"line":27,"column":85}},"9":{"start":{"line":28,"column":4},"end":{"line":28,"column":19}}},"fnMap":{"0":{"name":"(anonymous_0)","decl":{"start":{"line":4,"column":21},"end":{"line":4,"column":22}},"loc":{"start":{"line":4,"column":42},"end":{"line":13,"column":1}},"line":4},"1":{"name":"(anonymous_1)","decl":{"start":{"line":15,"column":24},"end":{"line":15,"column":25}},"loc":{"start":{"line":15,"column":47},"end":{"line":23,"column":1}},"line":15},"2":{"name":"(anonymous_2)","decl":{"start":{"line":25,"column":21},"end":{"line":25,"column":22}},"loc":{"start":{"line":25,"column":42},"end":{"line":29,"column":1}},"line":25}},"branchMap":{},"s":{"0":1,"1":0,"2":0,"3":0,"4":1,"5":1,"6":1,"7":1,"8":2,"9":2},"f":{"0":0,"1":1,"2":2},"b":{},"_coverageSchema":"1a1c01bbd47fc00a2c39e90264f33305004495a9","hash":"6efe4e9e62cffc07bb58a2e89f780b865a244045"}
,"C:\\Users\\Manu\\Desktop\\MERCADONA\\FRONTEND\\src\\services\\checkJwtCookies.js": {"path":"C:\\Users\\Manu\\Desktop\\MERCADONA\\FRONTEND\\src\\services\\checkJwtCookies.js","statementMap":{"0":{"start":{"line":4,"column":24},"end":{"line":28,"column":1}},"1":{"start":{"line":5,"column":22},"end":{"line":7,"column":55}},"2":{"start":{"line":7,"column":26},"end":{"line":7,"column":54}},"3":{"start":{"line":9,"column":4},"end":{"line":27,"column":5}},"4":{"start":{"line":10,"column":20},"end":{"line":10,"column":43}},"5":{"start":{"line":11,"column":8},"end":{"line":24,"column":9}},"6":{"start":{"line":12,"column":31},"end":{"line":12,"column":46}},"7":{"start":{"line":13,"column":32},"end":{"line":13,"column":49}},"8":{"start":{"line":14,"column":12},"end":{"line":20,"column":13}},"9":{"start":{"line":15,"column":16},"end":{"line":15,"column":79}},"10":{"start":{"line":18,"column":30},"end":{"line":18,"column":46}},"11":{"start":{"line":19,"column":16},"end":{"line":19,"column":74}},"12":{"start":{"line":22,"column":12},"end":{"line":22,"column":54}},"13":{"start":{"line":23,"column":12},"end":{"line":23,"column":75}},"14":{"start":{"line":26,"column":8},"end":{"line":26,"column":71}},"15":{"start":{"line":30,"column":15},"end":{"line":34,"column":1}},"16":{"start":{"line":31,"column":4},"end":{"line":31,"column":26}},"17":{"start":{"line":32,"column":4},"end":{"line":32,"column":80}},"18":{"start":{"line":33,"column":4},"end":{"line":33,"column":67}}},"fnMap":{"0":{"name":"(anonymous_0)","decl":{"start":{"line":4,"column":24},"end":{"line":4,"column":25}},"loc":{"start":{"line":4,"column":30},"end":{"line":28,"column":1}},"line":4},"1":{"name":"(anonymous_1)","decl":{"start":{"line":7,"column":14},"end":{"line":7,"column":15}},"loc":{"start":{"line":7,"column":26},"end":{"line":7,"column":54}},"line":7},"2":{"name":"(anonymous_2)","decl":{"start":{"line":30,"column":15},"end":{"line":30,"column":16}},"loc":{"start":{"line":30,"column":21},"end":{"line":34,"column":1}},"line":30}},"branchMap":{"0":{"loc":{"start":{"line":9,"column":4},"end":{"line":27,"column":5}},"type":"if","locations":[{"start":{"line":9,"column":4},"end":{"line":27,"column":5}},{"start":{"line":25,"column":11},"end":{"line":27,"column":5}}],"line":9},"1":{"loc":{"start":{"line":14,"column":12},"end":{"line":20,"column":13}},"type":"if","locations":[{"start":{"line":14,"column":12},"end":{"line":20,"column":13}},{"start":{"line":16,"column":19},"end":{"line":20,"column":13}}],"line":14}},"s":{"0":2,"1":4,"2":4,"3":4,"4":3,"5":3,"6":3,"7":2,"8":2,"9":1,"10":1,"11":1,"12":1,"13":1,"14":1,"15":2,"16":0,"17":0,"18":0},"f":{"0":4,"1":4,"2":0},"b":{"0":[3,1],"1":[1,1]},"_coverageSchema":"1a1c01bbd47fc00a2c39e90264f33305004495a9","hash":"a12a16d63723cad4ba96ce1088c8dd045f75def7"}
,"C:\\Users\\Manu\\Desktop\\MERCADONA\\FRONTEND\\src\\services\\config.js": {"path":"C:\\Users\\Manu\\Desktop\\MERCADONA\\FRONTEND\\src\\services\\config.js","statementMap":{"0":{"start":{"line":1,"column":23},"end":{"line":1,"column":42}},"1":{"start":{"line":2,"column":24},"end":{"line":2,"column":44}},"2":{"start":{"line":3,"column":25},"end":{"line":3,"column":46}}},"fnMap":{},"branchMap":{},"s":{"0":2,"1":2,"2":2},"f":{},"b":{},"_coverageSchema":"1a1c01bbd47fc00a2c39e90264f33305004495a9","hash":"b37d8eebb64717236da04609dd45686f4d1fc833"}
}
