{"C:\\Users\\Manu\\Desktop\\MERCADONA\\FRONTEND\\src\\store.js": {"path":"C:\\Users\\Manu\\Desktop\\MERCADONA\\FRONTEND\\src\\store.js","statementMap":{"0":{"start":{"line":4,"column":29},"end":{"line":16,"column":2}},"1":{"start":{"line":9,"column":12},"end":{"line":13,"column":13}},"2":{"start":{"line":18,"column":20},"end":{"line":21,"column":2}},"3":{"start":{"line":22,"column":14},"end":{"line":24,"column":2}},"4":{"start":{"line":26,"column":36},"end":{"line":26,"column":64}}},"fnMap":{"0":{"name":"(anonymous_0)","decl":{"start":{"line":8,"column":8},"end":{"line":8,"column":9}},"loc":{"start":{"line":8,"column":40},"end":{"line":14,"column":9}},"line":8}},"branchMap":{"0":{"loc":{"start":{"line":12,"column":23},"end":{"line":12,"column":58}},"type":"cond-expr","locations":[{"start":{"line":12,"column":40},"end":{"line":12,"column":51}},{"start":{"line":12,"column":54},"end":{"line":12,"column":58}}],"line":12}},"s":{"0":1,"1":0,"2":1,"3":1,"4":1},"f":{"0":0},"b":{"0":[0,0]},"_coverageSchema":"1a1c01bbd47fc00a2c39e90264f33305004495a9","hash":"967163a5144c02df93fd8a70a88d1626678a4c84"}
,"C:\\Users\\Manu\\Desktop\\MERCADONA\\FRONTEND\\src\\components\\Footer.jsx": {"path":"C:\\Users\\Manu\\Desktop\\MERCADONA\\FRONTEND\\src\\components\\Footer.jsx","statementMap":{"0":{"start":{"line":6,"column":15},"end":{"line":27,"column":1}},"1":{"start":{"line":7,"column":4},"end":{"line":26,"column":5}},"2":{"start":{"line":29,"column":16},"end":{"line":36,"column":1}},"3":{"start":{"line":38,"column":19},"end":{"line":42,"column":1}},"4":{"start":{"line":43,"column":17},"end":{"line":45,"column":1}}},"fnMap":{"0":{"name":"(anonymous_0)","decl":{"start":{"line":6,"column":15},"end":{"line":6,"column":16}},"loc":{"start":{"line":6,"column":21},"end":{"line":27,"column":1}},"line":6}},"branchMap":{},"s":{"0":1,"1":1,"2":1,"3":1,"4":1},"f":{"0":1},"b":{},"_coverageSchema":"1a1c01bbd47fc00a2c39e90264f33305004495a9","hash":"7beb5a80f0613f6a37b69d0a9a805a26637a47a6"}
,"C:\\Users\\Manu\\Desktop\\MERCADONA\\FRONTEND\\src\\components\\Navbar.jsx": {"path":"C:\\Users\\Manu\\Desktop\\MERCADONA\\FRONTEND\\src\\components\\Navbar.jsx","statementMap":{"0":{"start":{"line":10,"column":15},"end":{"line":56,"column":1}},"1":{"start":{"line":12,"column":21},"end":{"line":12,"column":34}},"2":{"start":{"line":14,"column":25},"end":{"line":18,"column":5}},"3":{"start":{"line":15,"column":8},"end":{"line":15,"column":16}},"4":{"start":{"line":16,"column":8},"end":{"line":16,"column":43}},"5":{"start":{"line":20,"column":4},"end":{"line":55,"column":5}},"6":{"start":{"line":58,"column":22},"end":{"line":72,"column":1}},"7":{"start":{"line":67,"column":28},"end":{"line":67,"column":101}},"8":{"start":{"line":69,"column":32},"end":{"line":69,"column":105}}},"fnMap":{"0":{"name":"(anonymous_0)","decl":{"start":{"line":10,"column":15},"end":{"line":10,"column":16}},"loc":{"start":{"line":10,"column":56},"end":{"line":56,"column":1}},"line":10},"1":{"name":"(anonymous_1)","decl":{"start":{"line":14,"column":25},"end":{"line":14,"column":26}},"loc":{"start":{"line":14,"column":31},"end":{"line":18,"column":5}},"line":14},"2":{"name":"(anonymous_2)","decl":{"start":{"line":67,"column":19},"end":{"line":67,"column":20}},"loc":{"start":{"line":67,"column":28},"end":{"line":67,"column":101}},"line":67},"3":{"name":"(anonymous_3)","decl":{"start":{"line":69,"column":23},"end":{"line":69,"column":24}},"loc":{"start":{"line":69,"column":32},"end":{"line":69,"column":105}},"line":69}},"branchMap":{"0":{"loc":{"start":{"line":42,"column":17},"end":{"line":50,"column":28}},"type":"cond-expr","locations":[{"start":{"line":43,"column":21},"end":{"line":45,"column":26}},{"start":{"line":46,"column":21},"end":{"line":50,"column":27}}],"line":42},"1":{"loc":{"start":{"line":67,"column":28},"end":{"line":67,"column":101}},"type":"cond-expr","locations":[{"start":{"line":67,"column":50},"end":{"line":67,"column":73}},{"start":{"line":67,"column":76},"end":{"line":67,"column":101}}],"line":67},"2":{"loc":{"start":{"line":69,"column":32},"end":{"line":69,"column":105}},"type":"cond-expr","locations":[{"start":{"line":69,"column":54},"end":{"line":69,"column":79}},{"start":{"line":69,"column":82},"end":{"line":69,"column":105}}],"line":69}},"s":{"0":1,"1":2,"2":2,"3":0,"4":0,"5":2,"6":1,"7":2,"8":2},"f":{"0":2,"1":0,"2":2,"3":2},"b":{"0":[0,2],"1":[0,2],"2":[0,2]},"_coverageSchema":"1a1c01bbd47fc00a2c39e90264f33305004495a9","hash":"741d6755b4862c99954c783f501b8e08f3fcef8e"}
,"C:\\Users\\Manu\\Desktop\\MERCADONA\\FRONTEND\\src\\components\\ProductCard.jsx": {"path":"C:\\Users\\Manu\\Desktop\\MERCADONA\\FRONTEND\\src\\components\\ProductCard.jsx","statementMap":{"0":{"start":{"line":5,"column":20},"end":{"line":21,"column":1}},"1":{"start":{"line":6,"column":4},"end":{"line":20,"column":5}},"2":{"start":{"line":22,"column":16},"end":{"line":28,"column":1}},"3":{"start":{"line":30,"column":16},"end":{"line":32,"column":1}}},"fnMap":{"0":{"name":"(anonymous_0)","decl":{"start":{"line":5,"column":20},"end":{"line":5,"column":21}},"loc":{"start":{"line":5,"column":55},"end":{"line":21,"column":1}},"line":5}},"branchMap":{"0":{"loc":{"start":{"line":14,"column":73},"end":{"line":14,"column":96}},"type":"cond-expr","locations":[{"start":{"line":14,"column":81},"end":{"line":14,"column":86}},{"start":{"line":14,"column":89},"end":{"line":14,"column":96}}],"line":14},"1":{"loc":{"start":{"line":17,"column":17},"end":{"line":17,"column":47}},"type":"cond-expr","locations":[{"start":{"line":17,"column":25},"end":{"line":17,"column":30}},{"start":{"line":17,"column":33},"end":{"line":17,"column":47}}],"line":17}},"s":{"0":1,"1":2,"2":1,"3":1},"f":{"0":2},"b":{"0":[1,1],"1":[1,1]},"_coverageSchema":"1a1c01bbd47fc00a2c39e90264f33305004495a9","hash":"6941ec89ad04be3c620ad1e9cd789ee7a577f3b1"}
,"C:\\Users\\Manu\\Desktop\\MERCADONA\\FRONTEND\\src\\components\\PromoCard.jsx": {"path":"C:\\Users\\Manu\\Desktop\\MERCADONA\\FRONTEND\\src\\components\\PromoCard.jsx","statementMap":{"0":{"start":{"line":6,"column":18},"end":{"line":25,"column":1}},"1":{"start":{"line":7,"column":4},"end":{"line":24,"column":5}},"2":{"start":{"line":27,"column":16},"end":{"line":33,"column":1}},"3":{"start":{"line":34,"column":14},"end":{"line":38,"column":1}},"4":{"start":{"line":39,"column":21},"end":{"line":43,"column":1}},"5":{"start":{"line":44,"column":21},"end":{"line":46,"column":1}}},"fnMap":{"0":{"name":"(anonymous_0)","decl":{"start":{"line":6,"column":18},"end":{"line":6,"column":19}},"loc":{"start":{"line":6,"column":78},"end":{"line":25,"column":1}},"line":6}},"branchMap":{},"s":{"0":1,"1":2,"2":1,"3":1,"4":1,"5":1},"f":{"0":2},"b":{},"_coverageSchema":"1a1c01bbd47fc00a2c39e90264f33305004495a9","hash":"bdbbc308fe604a79355cce0e7becd210e8776325"}
,"C:\\Users\\Manu\\Desktop\\MERCADONA\\FRONTEND\\src\\services\\checkJwtCookies.js": {"path":"C:\\Users\\Manu\\Desktop\\MERCADONA\\FRONTEND\\src\\services\\checkJwtCookies.js","statementMap":{"0":{"start":{"line":4,"column":24},"end":{"line":30,"column":1}},"1":{"start":{"line":5,"column":22},"end":{"line":7,"column":55}},"2":{"start":{"line":7,"column":26},"end":{"line":7,"column":54}},"3":{"start":{"line":9,"column":4},"end":{"line":29,"column":5}},"4":{"start":{"line":10,"column":20},"end":{"line":10,"column":43}},"5":{"start":{"line":11,"column":8},"end":{"line":26,"column":9}},"6":{"start":{"line":12,"column":31},"end":{"line":12,"column":46}},"7":{"start":{"line":13,"column":32},"end":{"line":13,"column":49}},"8":{"start":{"line":14,"column":12},"end":{"line":22,"column":13}},"9":{"start":{"line":15,"column":16},"end":{"line":15,"column":56}},"10":{"start":{"line":17,"column":33},"end":{"line":20,"column":17}},"11":{"start":{"line":21,"column":16},"end":{"line":21,"column":55}},"12":{"start":{"line":24,"column":12},"end":{"line":24,"column":54}},"13":{"start":{"line":25,"column":12},"end":{"line":25,"column":52}},"14":{"start":{"line":28,"column":8},"end":{"line":28,"column":48}},"15":{"start":{"line":32,"column":15},"end":{"line":36,"column":1}},"16":{"start":{"line":33,"column":4},"end":{"line":33,"column":26}},"17":{"start":{"line":34,"column":4},"end":{"line":34,"column":80}},"18":{"start":{"line":35,"column":4},"end":{"line":35,"column":44}}},"fnMap":{"0":{"name":"(anonymous_0)","decl":{"start":{"line":4,"column":24},"end":{"line":4,"column":25}},"loc":{"start":{"line":4,"column":30},"end":{"line":30,"column":1}},"line":4},"1":{"name":"(anonymous_1)","decl":{"start":{"line":7,"column":14},"end":{"line":7,"column":15}},"loc":{"start":{"line":7,"column":26},"end":{"line":7,"column":54}},"line":7},"2":{"name":"(anonymous_2)","decl":{"start":{"line":32,"column":15},"end":{"line":32,"column":16}},"loc":{"start":{"line":32,"column":21},"end":{"line":36,"column":1}},"line":32}},"branchMap":{"0":{"loc":{"start":{"line":9,"column":4},"end":{"line":29,"column":5}},"type":"if","locations":[{"start":{"line":9,"column":4},"end":{"line":29,"column":5}},{"start":{"line":27,"column":11},"end":{"line":29,"column":5}}],"line":9},"1":{"loc":{"start":{"line":14,"column":12},"end":{"line":22,"column":13}},"type":"if","locations":[{"start":{"line":14,"column":12},"end":{"line":22,"column":13}},{"start":{"line":16,"column":19},"end":{"line":22,"column":13}}],"line":14}},"s":{"0":1,"1":0,"2":0,"3":0,"4":0,"5":0,"6":0,"7":0,"8":0,"9":0,"10":0,"11":0,"12":0,"13":0,"14":0,"15":1,"16":0,"17":0,"18":0},"f":{"0":0,"1":0,"2":0},"b":{"0":[0,0],"1":[0,0]},"_coverageSchema":"1a1c01bbd47fc00a2c39e90264f33305004495a9","hash":"a3aa34e0daf44afe24b03b3c90b42f6513f83faf"}
}
