TN:
SF:src\store.js
FN:8,(anonymous_0)
FNF:1
FNH:0
FNDA:0,(anonymous_0)
DA:4,1
DA:9,0
DA:18,1
DA:22,1
DA:26,1
LF:5
LH:4
BRDA:12,0,0,0
BRDA:12,0,1,0
BRF:2
BRH:0
end_of_record
TN:
SF:src\components\AddPromotion.jsx
FN:8,(anonymous_0)
FN:15,(anonymous_1)
FN:18,(anonymous_2)
FN:23,(anonymous_3)
FN:26,(anonymous_4)
FN:34,(anonymous_5)
FN:38,(anonymous_6)
FN:39,(anonymous_7)
FN:46,(anonymous_8)
FN:47,(anonymous_9)
FN:130,(anonymous_10)
FN:136,(anonymous_11)
FNF:12
FNH:7
FNDA:3,(anonymous_0)
FNDA:0,(anonymous_1)
FNDA:0,(anonymous_2)
FNDA:0,(anonymous_3)
FNDA:0,(anonymous_4)
FNDA:0,(anonymous_5)
FNDA:1,(anonymous_6)
FNDA:1,(anonymous_7)
FNDA:2,(anonymous_8)
FNDA:2,(anonymous_9)
FNDA:4,(anonymous_10)
FNDA:1,(anonymous_11)
DA:8,1
DA:9,3
DA:10,3
DA:11,3
DA:12,3
DA:15,3
DA:16,0
DA:17,0
DA:18,0
DA:20,0
DA:21,0
DA:24,0
DA:25,0
DA:26,0
DA:27,0
DA:29,0
DA:34,3
DA:35,0
DA:38,3
DA:39,1
DA:40,1
DA:41,1
DA:46,3
DA:47,2
DA:48,2
DA:49,2
DA:50,2
DA:57,3
DA:131,4
DA:136,1
DA:157,1
LF:31
LH:20
BRDA:20,0,0,0
BRDA:20,0,1,0
BRDA:24,1,0,0
BRDA:24,1,1,0
BRDA:40,2,0,1
BRDA:40,2,1,0
BRDA:49,3,0,2
BRDA:49,3,1,0
BRDA:81,4,0,3
BRDA:81,4,1,0
BRDA:94,5,0,3
BRDA:94,5,1,0
BRDA:108,6,0,3
BRDA:108,6,1,0
BRF:14
BRH:5
end_of_record
TN:
SF:src\components\Footer.jsx
FN:8,(anonymous_0)
FNF:1
FNH:1
FNDA:1,(anonymous_0)
DA:8,1
DA:9,1
DA:34,1
DA:43,1
DA:48,1
LF:5
LH:5
BRF:0
BRH:0
end_of_record
TN:
SF:src\components\Navbar.jsx
FN:11,(anonymous_0)
FN:15,(anonymous_1)
FN:85,(anonymous_2)
FN:87,(anonymous_3)
FNF:4
FNH:3
FNDA:3,(anonymous_0)
FNDA:0,(anonymous_1)
FNDA:6,(anonymous_2)
FNDA:6,(anonymous_3)
DA:11,1
DA:13,3
DA:15,3
DA:16,0
DA:17,0
DA:21,3
DA:76,1
DA:85,6
DA:87,6
LF:9
LH:7
BRDA:36,0,0,3
BRDA:36,0,1,1
BRDA:39,1,0,1
BRDA:39,1,1,2
BRDA:57,2,0,1
BRDA:57,2,1,2
BRDA:85,3,0,2
BRDA:85,3,1,4
BRDA:87,4,0,2
BRDA:87,4,1,4
BRF:10
BRH:10
end_of_record
TN:
SF:src\components\ProductCard.jsx
FN:5,(anonymous_0)
FNF:1
FNH:1
FNDA:2,(anonymous_0)
DA:5,2
DA:6,2
DA:43,2
DA:52,2
DA:56,2
DA:62,2
DA:68,2
LF:7
LH:7
BRDA:8,0,0,0
BRDA:8,0,1,2
BRDA:11,1,0,0
BRDA:11,1,1,0
BRDA:13,2,0,0
BRDA:13,2,1,0
BRDA:13,3,0,0
BRDA:13,3,1,0
BRDA:19,4,0,0
BRDA:19,4,1,2
BRDA:24,5,0,0
BRDA:24,5,1,2
BRDA:28,6,0,1
BRDA:28,6,1,1
BRDA:34,7,0,1
BRDA:34,7,1,1
BRDA:38,8,0,0
BRDA:38,8,1,2
BRF:18
BRH:8
end_of_record
TN:
SF:src\components\PromoCard.jsx
FN:6,(anonymous_0)
FNF:1
FNH:1
FNDA:2,(anonymous_0)
DA:6,1
DA:7,2
DA:27,1
DA:35,1
DA:40,1
DA:45,1
LF:6
LH:6
BRDA:11,0,0,2
BRDA:11,0,1,1
BRDA:11,1,0,1
BRDA:11,1,1,0
BRF:4
BRH:3
end_of_record
TN:
SF:src\loaders\Catalog.jsx
FN:4,(anonymous_0)
FNF:1
FNH:1
FNDA:1,(anonymous_0)
DA:4,1
DA:5,1
LF:2
LH:2
BRF:0
BRH:0
end_of_record
TN:
SF:src\pages\PublicCatalogPage.jsx
FN:9,(anonymous_0)
FN:16,(anonymous_1)
FN:17,(anonymous_2)
FN:24,(anonymous_3)
FN:29,(anonymous_4)
FN:31,(anonymous_5)
FN:38,(anonymous_6)
FN:40,(anonymous_7)
FN:54,(anonymous_8)
FN:62,(anonymous_9)
FNF:10
FNH:6
FNDA:6,(anonymous_0)
FNDA:1,(anonymous_1)
FNDA:1,(anonymous_2)
FNDA:0,(anonymous_3)
FNDA:0,(anonymous_4)
FNDA:1,(anonymous_5)
FNDA:0,(anonymous_6)
FNDA:0,(anonymous_7)
FNDA:4,(anonymous_8)
FNDA:4,(anonymous_9)
DA:9,1
DA:11,6
DA:12,5
DA:13,5
DA:14,5
DA:16,5
DA:17,1
DA:18,1
DA:19,1
DA:20,1
DA:21,1
DA:24,1
DA:25,0
DA:26,0
DA:27,0
DA:29,0
DA:31,1
DA:32,1
DA:33,1
DA:38,5
DA:39,0
DA:40,0
DA:42,0
DA:47,5
DA:55,4
DA:63,4
LF:26
LH:19
BRDA:18,0,0,1
BRDA:18,0,1,0
BRDA:32,1,0,1
BRDA:32,1,1,0
BRDA:39,2,0,0
BRDA:39,2,1,0
BRDA:62,3,0,5
BRDA:62,3,1,4
BRDA:67,4,0,4
BRDA:67,4,1,4
BRDA:71,5,0,4
BRDA:71,5,1,4
BRDA:72,6,0,0
BRDA:72,6,1,0
BRDA:77,7,0,1
BRDA:77,7,1,1
BRF:16
BRH:10
end_of_record
TN:
SF:src\services\CatalogApi.js
FN:4,(anonymous_0)
FN:14,(anonymous_1)
FN:24,(anonymous_2)
FN:29,(anonymous_3)
FN:34,(anonymous_4)
FN:39,(anonymous_5)
FN:44,(anonymous_6)
FN:49,(anonymous_7)
FNF:8
FNH:1
FNDA:0,(anonymous_0)
FNDA:0,(anonymous_1)
FNDA:1,(anonymous_2)
FNDA:0,(anonymous_3)
FNDA:0,(anonymous_4)
FNDA:0,(anonymous_5)
FNDA:0,(anonymous_6)
FNDA:0,(anonymous_7)
DA:4,1
DA:5,0
DA:11,0
DA:14,1
DA:15,0
DA:21,0
DA:24,1
DA:25,1
DA:26,1
DA:29,1
DA:30,0
DA:31,0
DA:34,1
DA:35,0
DA:36,0
DA:39,1
DA:40,0
DA:41,0
DA:44,1
DA:45,0
DA:46,0
DA:49,1
DA:50,0
DA:56,0
LF:24
LH:10
BRF:0
BRH:0
end_of_record
TN:
SF:src\services\CategoryApi.js
FN:4,(anonymous_0)
FN:14,(anonymous_1)
FN:24,(anonymous_2)
FN:34,(anonymous_3)
FNF:4
FNH:1
FNDA:0,(anonymous_0)
FNDA:0,(anonymous_1)
FNDA:0,(anonymous_2)
FNDA:1,(anonymous_3)
DA:4,1
DA:5,0
DA:11,0
DA:14,1
DA:15,0
DA:21,0
DA:24,1
DA:25,0
DA:31,0
DA:34,1
DA:35,1
DA:36,1
LF:12
LH:6
BRF:0
BRH:0
end_of_record
TN:
SF:src\services\PromotionService.js
FN:4,(anonymous_0)
FN:15,(anonymous_1)
FN:25,(anonymous_2)
FNF:3
FNH:2
FNDA:0,(anonymous_0)
FNDA:1,(anonymous_1)
FNDA:2,(anonymous_2)
DA:4,1
DA:5,0
DA:6,0
DA:12,0
DA:15,1
DA:16,1
DA:22,1
DA:25,1
DA:27,2
DA:28,2
LF:10
LH:7
BRF:0
BRH:0
end_of_record
TN:
SF:src\services\checkJwtCookies.js
FN:4,(anonymous_0)
FN:7,(anonymous_1)
FN:30,(anonymous_2)
FNF:3
FNH:2
FNDA:4,(anonymous_0)
FNDA:4,(anonymous_1)
FNDA:0,(anonymous_2)
DA:4,2
DA:5,4
DA:7,4
DA:9,4
DA:10,3
DA:11,3
DA:12,3
DA:13,2
DA:14,2
DA:15,1
DA:18,1
DA:19,1
DA:22,1
DA:23,1
DA:26,1
DA:30,2
DA:31,0
DA:32,0
DA:33,0
LF:19
LH:16
BRDA:9,0,0,3
BRDA:9,0,1,1
BRDA:14,1,0,1
BRDA:14,1,1,1
BRF:4
BRH:4
end_of_record
TN:
SF:src\services\config.js
FNF:0
FNH:0
DA:1,2
DA:2,2
DA:3,2
LF:3
LH:3
BRF:0
BRH:0
end_of_record
